\BOOKMARK [0][-]{chapters.1.0}{\376\377\000S\000u\000m\000m\000a\000r\000y}{}% 1
\BOOKMARK [0][-]{chapters.2.0}{\376\377\000S\000a\000m\000e\000n\000v\000a\000t\000t\000i\000n\000g}{}% 2
\BOOKMARK [0][-]{chapters.3.0}{\376\377\000P\000r\000e\000f\000a\000c\000e}{}% 3
\BOOKMARK [0][-]{chapters.4.0}{\376\377\000C\000o\000n\000t\000e\000n\000t\000s}{}% 4
\BOOKMARK [0][-]{chapter.1}{\376\377\0001\000\040\000I\000n\000t\000r\000o\000d\000u\000c\000t\000i\000o\000n}{}% 5
\BOOKMARK [1][-]{section.1.1}{\376\377\0001\000.\0001\000\040\000I\000d\000e\000a\000s}{chapter.1}% 6
\BOOKMARK [1][-]{section.1.2}{\376\377\0001\000.\0002\000\040\000Q\000u\000e\000s\000t\000i\000o\000n\000s}{chapter.1}% 7
\BOOKMARK [1][-]{section.1.3}{\376\377\0001\000.\0003\000\040\000P\000e\000o\000p\000l\000e\000\040\000t\000o\000\040\000t\000a\000l\000k\000\040\000t\000o}{chapter.1}% 8
\BOOKMARK [1][-]{section.1.4}{\376\377\0001\000.\0004\000\040\000C\000o\000n\000t\000e\000x\000t}{chapter.1}% 9
\BOOKMARK [1][-]{section.1.5}{\376\377\0001\000.\0005\000\040\000R\000e\000s\000e\000a\000r\000c\000h\000\040\000q\000u\000e\000s\000t\000i\000o\000n}{chapter.1}% 10
\BOOKMARK [1][-]{section.1.6}{\376\377\0001\000.\0006\000\040\000O\000b\000j\000e\000c\000t\000i\000v\000e}{chapter.1}% 11
\BOOKMARK [1][-]{section.1.7}{\376\377\0001\000.\0007\000\040\000A\000p\000p\000r\000o\000a\000c\000h}{chapter.1}% 12
\BOOKMARK [1][-]{section.1.8}{\376\377\0001\000.\0008\000\040\000R\000e\000p\000o\000r\000t\000\040\000o\000u\000t\000l\000i\000n\000e}{chapter.1}% 13
\BOOKMARK [0][-]{chapter.2}{\376\377\0002\000\040\000B\000a\000c\000k\000g\000r\000o\000u\000n\000d}{}% 14
\BOOKMARK [1][-]{section.2.1}{\376\377\0002\000.\0001\000\040\000H\000o\000w\000\040\000d\000o\000e\000s\000\040\000s\000t\000e\000r\000e\000o\000\040\000v\000i\000s\000i\000o\000n\000\040\000w\000o\000r\000k\000?}{chapter.2}% 15
\BOOKMARK [1][-]{section.2.2}{\376\377\0002\000.\0002\000\040\000H\000o\000w\000\040\000d\000o\000e\000s\000\040\000r\000a\000n\000d\000o\000m\000\040\000a\000p\000p\000l\000i\000c\000a\000t\000i\000o\000n\000\040\000w\000o\000r\000k\000?}{chapter.2}% 16
\BOOKMARK [1][-]{section.2.3}{\376\377\0002\000.\0003\000\040\000W\000h\000a\000t\000\040\000i\000s\000\040\000a\000\040\000R\000a\000M\000s\000t\000i\000x\000?}{chapter.2}% 17
\BOOKMARK [0][-]{chapter.3}{\376\377\0003\000\040\000A\000p\000p\000r\000o\000a\000c\000h}{}% 18
\BOOKMARK [0][-]{chapter.4}{\376\377\0004\000\040\000P\000l\000a\000n\000n\000i\000n\000g}{}% 19
\BOOKMARK [0][-]{chapter.5}{\376\377\0005\000\040\000C\000o\000m\000b\000i\000n\000i\000n\000g\000\040\000h\000a\000r\000d\000w\000a\000r\000e\000\040\000a\000n\000d\000\040\000s\000o\000f\000t\000w\000a\000r\000e\000\040\000f\000o\000r\000\040\000s\000t\000e\000r\000e\000o\000\040\000v\000i\000s\000i\000o\000n\000\040\000i\000m\000p\000l\000e\000m\000e\000n\000t\000a\000t\000i\000o\000n}{}% 20
\BOOKMARK [1][-]{section.5.1}{\376\377\0005\000.\0001\000\040\000A\000b\000s\000t\000r\000a\000c\000t}{chapter.5}% 21
\BOOKMARK [1][-]{section.5.2}{\376\377\0005\000.\0002\000\040\000B\000a\000c\000k\000g\000r\000o\000u\000n\000d}{chapter.5}% 22
\BOOKMARK [0][-]{chapter.6}{\376\377\0006\000\040\000D\000V\000S}{}% 23
\BOOKMARK [1][-]{section.6.1}{\376\377\0006\000.\0001\000\040\000A\000b\000s\000t\000r\000a\000c\000t}{chapter.6}% 24
\BOOKMARK [1][-]{section.6.2}{\376\377\0006\000.\0002\000\040\000B\000a\000c\000k\000g\000r\000o\000u\000n\000d}{chapter.6}% 25
\BOOKMARK [1][-]{section.6.3}{\376\377\0006\000.\0003\000\040\000A\000p\000p\000r\000o\000a\000c\000h}{chapter.6}% 26
\BOOKMARK [0][-]{appendix.A}{\376\377\000A\000\040\000A\000p\000p\000e\000n\000d\000i\000x\000\040\0001}{}% 27
\BOOKMARK [1][-]{section.A.1}{\376\377\000A\000.\0001\000\040\000R\000e\000q\000u\000i\000r\000e\000d\000\040\000T\000e\000x\000L\000i\000v\000e\000\040\000p\000a\000c\000k\000a\000g\000e\000s}{appendix.A}% 28
\BOOKMARK [0][-]{hiddenchapter.5}{\376\377\000B\000i\000b\000l\000i\000o\000g\000r\000a\000p\000h\000y}{}% 29
